<?xml version="1.0" encoding="UTF-8"?>
<!-- Generated by org.testng.reporters.JUnitReportReporter -->
<testsuite hostname="DSCL-MNL-L1341" failures="0" tests="1" name="sandboxv2.TricentisActivity32403" time="0.803" errors="0" timestamp="2023-10-19T17:46:49 CST" skipped="0">
  <testcase classname="sandboxv2.TricentisActivity32403" name="ID32403" time="0.803"/>
  <system-out/>
</testsuite> <!-- sandboxv2.TricentisActivity32403 -->
