<?xml version="1.0" encoding="UTF-8"?>
<!-- Generated by org.testng.reporters.JUnitReportReporter -->
<testsuite hostname="CUP-MNL-L507" failures="0" tests="1" name="sandboxv2.SandboxV2_Test" time="21.236" errors="0" timestamp="2023-02-28T11:26:40 CST" skipped="0">
  <testcase classname="sandboxv2.SandboxV2_Test" name="Google_About" time="21.236"/>
  <system-out/>
</testsuite> <!-- sandboxv2.SandboxV2_Test -->
