<?xml version="1.0" encoding="UTF-8"?>
<!-- Generated by org.testng.reporters.JUnitReportReporter -->
<testsuite hostname="DSCL-MNL-L1341" failures="0" tests="1" name="sandboxv2.c1.test.blue.NEMO11096" time="941.174" errors="0" timestamp="2023-11-10T13:30:07 CST" skipped="0">
  <testcase classname="sandboxv2.c1.test.blue.NEMO11096" name="repost_desktop_download_app_banner_in_webapp" time="941.174"/>
  <system-out/>
</testsuite> <!-- sandboxv2.c1.test.blue.NEMO11096 -->
