<?xml version="1.0" encoding="UTF-8"?>
<!-- Generated by org.testng.reporters.JUnitReportReporter -->
<testsuite hostname="DSCL-MNL-L1341" failures="0" tests="1" name="sandboxv2.c1.test.blue.NEMO6425" time="142.158" errors="0" timestamp="2023-11-09T11:23:17 CST" skipped="0">
  <testcase classname="sandboxv2.c1.test.blue.NEMO6425" name="download_installer" time="142.158"/>
  <system-out/>
</testsuite> <!-- sandboxv2.c1.test.blue.NEMO6425 -->
