<?xml version="1.0" encoding="UTF-8"?>
<!-- Generated by org.testng.reporters.JUnitReportReporter -->
<testsuite hostname="DSCL-MNL-L1341" failures="0" tests="1" name="sandboxv2.c1.test.blue.NEMO6425_IMPROVED" time="247.983" errors="0" timestamp="2023-11-10T13:41:19 CST" skipped="0">
  <testcase classname="sandboxv2.c1.test.blue.NEMO6425_IMPROVED" name="download_installer" time="247.983"/>
  <system-out/>
</testsuite> <!-- sandboxv2.c1.test.blue.NEMO6425_IMPROVED -->
