<?xml version="1.0" encoding="UTF-8"?>
<!-- Generated by org.testng.reporters.JUnitReportReporter -->
<testsuite hostname="DSCL-MNL-L1341" failures="0" tests="5" name="sandboxv2.c1.test.blue.NEMO10431ONHOLD" time="387.640" errors="0" timestamp="2023-11-09T00:17:36 CST" skipped="0">
  <testcase classname="sandboxv2.c1.test.blue.NEMO10431ONHOLD" name="download_app_menu_hint_01" time="54.689"/>
  <system-out/>
  <testcase classname="sandboxv2.c1.test.blue.NEMO10431ONHOLD" name="download_app_menu_hint_02" time="50.065"/>
  <system-out/>
  <testcase classname="sandboxv2.c1.test.blue.NEMO10431ONHOLD" name="download_app_menu_hint_03" time="60.827"/>
  <system-out/>
  <testcase classname="sandboxv2.c1.test.blue.NEMO10431ONHOLD" name="download_app_menu_hint_04" time="126.098"/>
  <system-out/>
  <testcase classname="sandboxv2.c1.test.blue.NEMO10431ONHOLD" name="download_app_menu_hint_05" time="95.961"/>
  <system-out/>
</testsuite> <!-- sandboxv2.c1.test.blue.NEMO10431ONHOLD -->
