<?xml version="1.0" encoding="UTF-8"?>
<!-- Generated by org.testng.reporters.JUnitReportReporter -->
<testsuite hostname="DSCL-MNL-L1341" failures="0" tests="1" name="sandboxv2.TricentisActivity72954" time="6.479" errors="0" timestamp="2023-10-24T14:36:15 CST" skipped="0">
  <testcase classname="sandboxv2.TricentisActivity72954" name="ID72954" time="6.479"/>
  <system-out/>
</testsuite> <!-- sandboxv2.TricentisActivity72954 -->
