<?xml version="1.0" encoding="UTF-8"?>
<!-- Generated by org.testng.reporters.JUnitReportReporter -->
<testsuite hostname="DSCL-MNL-L1341" failures="0" tests="1" name="sandboxv2.TricentisActivity64161" time="0.577" errors="0" timestamp="2023-10-23T17:18:25 CST" skipped="0">
  <testcase classname="sandboxv2.TricentisActivity64161" name="ID64161" time="0.577"/>
  <system-out/>
</testsuite> <!-- sandboxv2.TricentisActivity64161 -->
