<?xml version="1.0" encoding="UTF-8"?>
<!-- Generated by org.testng.reporters.JUnitReportReporter -->
<testsuite hostname="DSCL-MNL-L1341" failures="0" tests="1" name="sandboxv2.c1.test.blue.NEMO10161" time="47.590" errors="0" timestamp="2023-11-10T13:13:42 CST" skipped="0">
  <testcase classname="sandboxv2.c1.test.blue.NEMO10161" name="rename_desktop_app_in_header_menu" time="47.590"/>
  <system-out/>
</testsuite> <!-- sandboxv2.c1.test.blue.NEMO10161 -->
