<?xml version="1.0" encoding="UTF-8"?>
<!-- Generated by org.testng.reporters.JUnitReportReporter -->
<testsuite hostname="DSCL-MNL-L1341" failures="0" tests="1" name="sandboxv2.c1.test.blue.NEMO13443" time="86.706" errors="0" timestamp="2023-11-10T14:04:10 CST" skipped="0">
  <testcase classname="sandboxv2.c1.test.blue.NEMO13443" name="c1_pplus_activation_page_title_changes" time="86.706"/>
  <system-out/>
</testsuite> <!-- sandboxv2.c1.test.blue.NEMO13443 -->
