<?xml version="1.0" encoding="UTF-8"?>
<!-- Generated by org.testng.reporters.JUnitReportReporter -->
<testsuite hostname="DSCL-MNL-L1341" failures="0" tests="2" name="sandboxv2.c1.test.blue.NEMO11924" time="104.302" errors="0" timestamp="2023-11-09T11:18:27 CST" skipped="0">
  <testcase classname="sandboxv2.c1.test.blue.NEMO11924" name="linux_launcher_link_in_c1_01" time="60.222"/>
  <system-out/>
  <testcase classname="sandboxv2.c1.test.blue.NEMO11924" name="linux_launcher_link_in_c1_02" time="44.080"/>
  <system-out/>
</testsuite> <!-- sandboxv2.c1.test.blue.NEMO11924 -->
