<?xml version="1.0" encoding="UTF-8"?>
<!-- Generated by org.testng.reporters.JUnitReportReporter -->
<testsuite hostname="DSCL-MNL-L1341" failures="0" tests="1" name="sandboxv2.c1.test.blue.NEMO13443ONHOLD" time="51.718" errors="0" timestamp="2023-11-08T14:44:30 CST" skipped="0">
  <testcase classname="sandboxv2.c1.test.blue.NEMO13443ONHOLD" name="c1_pplus_activation_page_title_changes" time="51.718"/>
  <system-out/>
</testsuite> <!-- sandboxv2.c1.test.blue.NEMO13443ONHOLD -->
