<?xml version="1.0" encoding="UTF-8"?>
<!-- Generated by org.testng.reporters.JUnitReportReporter -->
<testsuite hostname="DSCL-MNL-L1341" failures="0" tests="1" name="sandboxv2.TricentisActivity41036" time="0.819" errors="0" timestamp="2023-10-18T16:44:14 CST" skipped="0">
  <testcase classname="sandboxv2.TricentisActivity41036" name="ID41036" time="0.819"/>
  <system-out/>
</testsuite> <!-- sandboxv2.TricentisActivity41036 -->
