<?xml version="1.0" encoding="UTF-8"?>
<!-- Generated by org.testng.reporters.JUnitReportReporter -->
<testsuite hostname="DSCL-MNL-L1341" failures="0" tests="1" name="sandboxv2.c1.test.blue.NEMO8453" time="52.862" errors="0" timestamp="2023-11-10T13:42:44 CST" skipped="0">
  <testcase classname="sandboxv2.c1.test.blue.NEMO8453" name="change_text_in_the_banner" time="52.862"/>
  <system-out/>
</testsuite> <!-- sandboxv2.c1.test.blue.NEMO8453 -->
