<?xml version="1.0" encoding="UTF-8"?>
<!-- Generated by org.testng.reporters.JUnitReportReporter -->
<testsuite hostname="DSCL-MNL-L1341" failures="0" tests="2" name="sandboxv2.c1.test.blue.NEMO15059" time="197.105" errors="0" timestamp="2023-11-10T14:07:56 CST" skipped="0">
  <testcase classname="sandboxv2.c1.test.blue.NEMO15059" name="download_da_banner_for_pplus_only_01" time="86.158"/>
  <system-out/>
  <testcase classname="sandboxv2.c1.test.blue.NEMO15059" name="download_da_banner_for_pplus_only_02" time="110.947"/>
  <system-out/>
</testsuite> <!-- sandboxv2.c1.test.blue.NEMO15059 -->
