<?xml version="1.0" encoding="UTF-8"?>
<!-- Generated by org.testng.reporters.JUnitReportReporter -->
<testsuite hostname="CUP-MNL-L507" failures="0" tests="1" name="sandboxv2.Tricentis_ID22505" time="1.390" errors="0" timestamp="2023-05-17T16:49:40 CST" skipped="0">
  <testcase classname="sandboxv2.Tricentis_ID22505" name="f" time="1.390"/>
  <system-out/>
</testsuite> <!-- sandboxv2.Tricentis_ID22505 -->
